-------------------------------------------------------------------------------
Test set: subject.PlayerTest
-------------------------------------------------------------------------------
Tests run: 5, Failures: 1, Errors: 0, Skipped: 0, Time elapsed: 47.694 s <<< FAILURE! - in subject.PlayerTest
customUpdate(subject.PlayerTest)  Time elapsed: 9.23 s  <<< FAILURE!
java.lang.AssertionError
	at subject.PlayerTest.customUpdate(PlayerTest.java:45)

