<?xml version="1.0" encoding="UTF-8" ?>
<testsuite tests="5" failures="0" name="main.KeyHandlerTest" time="4.298" errors="0" skipped="0">
  <properties>
[...]
</properties>
  <testcase classname="main.KeyHandlerTest" name="test_upPress" time="0.733"/>
  <testcase classname="main.KeyHandlerTest" name="test_escPress" time="1.047"/>
  <testcase classname="main.KeyHandlerTest" name="test_downPress" time="0.835"/>
  <testcase classname="main.KeyHandlerTest" name="test_rightPress" time="0.87"/>
  <testcase classname="main.KeyHandlerTest" name="test_leftPress" time="0.813"/>
</testsuite>